2025-06-15 23:24:02,716 - INFO - Loaded input files. Found 209 records and 101 NASDAQ companies.
2025-06-15 23:24:02,718 - INFO - Starting company name normalization...
2025-06-15 23:24:02,721 - INFO - Matched 'nan' to 'Analog Devices' with score 72
2025-06-15 23:24:02,721 - INFO - Matched 'nan' to 'Analog Devices' with score 72
2025-06-15 23:24:02,724 - INFO - Matched 'nan' to 'Analog Devices' with score 72
2025-06-15 23:24:02,726 - INFO - Matched 'nan' to 'Analog Devices' with score 72
2025-06-15 23:24:02,726 - INFO - Matched 'nan' to 'Analog Devices' with score 72
2025-06-15 23:24:02,727 - INFO - Matched 'nan' to 'Analog Devices' with score 72
2025-06-15 23:24:02,727 - INFO - Matched 'AI' to 'Airbnb' with score 90
2025-06-15 23:24:02,728 - INFO - Matched 'nan' to 'Analog Devices' with score 72
2025-06-15 23:24:02,728 - INFO - Matched 'ROTH' to 'Marriott International' with score 68
2025-06-15 23:24:02,729 - INFO - Matched 'nan' to 'Analog Devices' with score 72
2025-06-15 23:24:02,730 - INFO - Matched 'Estée Lauder' to 'Tesla, Inc.' with score 72
2025-06-15 23:24:02,732 - INFO - Matched 'Shanghai Film Festival Builds Cultural Bridge' to 'Biogen' with score 60
2025-06-15 23:24:02,732 - INFO - Matched 'nan' to 'Analog Devices' with score 72
2025-06-15 23:24:02,734 - INFO - Matched 'nan' to 'Analog Devices' with score 72
2025-06-15 23:24:02,735 - INFO - Matched 'nan' to 'Analog Devices' with score 72
2025-06-15 23:24:02,735 - INFO - Matched 'nan' to 'Analog Devices' with score 72
2025-06-15 23:24:02,736 - INFO - Matched 'Driver' to 'GlobalFoundries' with score 65
2025-06-15 23:24:02,736 - INFO - Matched 'nan' to 'Analog Devices' with score 72
2025-06-15 23:24:02,740 - INFO - Matched 'National Forest for Wales - GOV.WALES' to 'Apple Inc.' with score 60
2025-06-15 23:24:02,744 - INFO - Matched 'Coinbase' to 'Cintas' with score 71
2025-06-15 23:24:02,744 - INFO - Matched 'Air India' to 'Nvidia' with score 72
2025-06-15 23:24:02,745 - INFO - Matched 'nan' to 'Analog Devices' with score 72
2025-06-15 23:24:02,747 - INFO - Matched 'Comvita' to 'Cintas' with score 62
2025-06-15 23:24:02,747 - INFO - Matched 'nan' to 'Analog Devices' with score 72
2025-06-15 23:24:02,747 - INFO - Matched 'Honda' to 'Diamondback Energy' with score 72
2025-06-15 23:24:02,749 - INFO - Matched 'Democratic Party' to 'Copart' with score 75
2025-06-15 23:24:02,749 - INFO - Matched 'nan' to 'Analog Devices' with score 72
2025-06-15 23:24:02,750 - INFO - Matched 'nan' to 'Analog Devices' with score 72
2025-06-15 23:24:02,751 - INFO - Matched 'Google AI Overviews' to 'Verisk' with score 60
2025-06-15 23:24:02,753 - INFO - Matched 'EHA' to 'Align Technology' with score 60
2025-06-15 23:24:02,754 - INFO - Matched 'MG Motor’s' to 'Lucid Motors' with score 64
2025-06-15 23:24:02,756 - INFO - Matched 'Qualtrics' to 'CSX Corporation' with score 72
2025-06-15 23:24:02,756 - INFO - Matched 'nan' to 'Analog Devices' with score 72
2025-06-15 23:24:02,756 - INFO - Matched 'Amazon Business]' to 'Amazon' with score 90
2025-06-15 23:24:02,757 - INFO - Matched 'Giants' to 'Cintas' with score 67
2025-06-15 23:24:02,760 - INFO - Matched 'Google AI Overviews' to 'Verisk' with score 60
2025-06-15 23:24:02,761 - INFO - Matched 'Boeing' to 'Booking Holdings' with score 77
2025-06-15 23:24:02,762 - INFO - Matched 'Sway AI Skeptics' to 'CSX Corporation' with score 72
2025-06-15 23:24:02,764 - INFO - Matched 'Sega selling Sonic' to 'Seagen' with score 60
2025-06-15 23:24:02,765 - INFO - Matched 'Boeing' to 'Booking Holdings' with score 77
2025-06-15 23:24:02,765 - INFO - Matched 'Nissan' to 'Atlassian' with score 65
2025-06-15 23:24:02,765 - INFO - Matched 'Nissan' to 'Atlassian' with score 65
2025-06-15 23:24:02,766 - INFO - Matched 'nan' to 'Analog Devices' with score 72
2025-06-15 23:24:02,766 - INFO - Matched 'nan' to 'Analog Devices' with score 72
2025-06-15 23:24:02,767 - INFO - Matched 'nan' to 'Analog Devices' with score 72
2025-06-15 23:24:02,767 - INFO - Matched 'nan' to 'Analog Devices' with score 72
2025-06-15 23:24:02,768 - INFO - Matched 'CNN' to 'Align Technology' with score 60
2025-06-15 23:24:02,773 - INFO - Matched 'ADNOC' to 'ADP' with score 72
2025-06-15 23:24:02,773 - INFO - Matched 'Otsuka Pharmaceutical Opens First POCARI SWEAT Factory' to 'Vertex Pharmaceuticals' with score 67
2025-06-15 23:24:02,775 - INFO - Matched 'nan' to 'Analog Devices' with score 72
2025-06-15 23:24:02,775 - INFO - Matched 'nan' to 'Analog Devices' with score 72
2025-06-15 23:24:02,777 - INFO - Matched 'Kinatico Ltd's' to 'Charter Communications' with score 60
2025-06-15 23:24:02,777 - INFO - Matched 'AI' to 'Airbnb' with score 90
2025-06-15 23:24:02,777 - INFO - Matched 'nan' to 'Analog Devices' with score 72
2025-06-15 23:24:02,778 - INFO - Matched 'nan' to 'Analog Devices' with score 72
2025-06-15 23:24:02,780 - INFO - Matched 'nan' to 'Analog Devices' with score 72
2025-06-15 23:24:02,781 - INFO - Matched 'Volkswagen' to 'Amgen' with score 80
2025-06-15 23:24:02,781 - INFO - Matched 'CEM' to 'Advanced Micro Devices Inc.' with score 60
2025-06-15 23:24:02,782 - INFO - Matched 'StubHub Pledges' to 'Apple Inc.' with score 64
2025-06-15 23:24:02,782 - INFO - Matched 'VinFast' to 'Texas Instruments' with score 62
2025-06-15 23:24:02,783 - INFO - Matched 'AI' to 'Airbnb' with score 90
2025-06-15 23:24:02,785 - INFO - Matched 'nan' to 'Analog Devices' with score 72
2025-06-15 23:24:02,786 - INFO - Matched 'nan' to 'Analog Devices' with score 72
2025-06-15 23:24:02,787 - INFO - Matched 'Breakthrough Privacy-Preserving Medical Intelligence' to 'Intel' with score 60
2025-06-15 23:24:02,787 - INFO - Matched 'nan' to 'Analog Devices' with score 72
2025-06-15 23:24:02,787 - INFO - Matched 'AI' to 'Airbnb' with score 90
2025-06-15 23:24:02,788 - INFO - Matched 'nan' to 'Analog Devices' with score 72
2025-06-15 23:24:02,788 - INFO - Matched 'nan' to 'Analog Devices' with score 72
2025-06-15 23:24:02,790 - INFO - Matched 'nan' to 'Analog Devices' with score 72
2025-06-15 23:24:02,791 - INFO - Matched 'nan' to 'Analog Devices' with score 72
2025-06-15 23:24:02,791 - INFO - Matched 'Pokémon' to 'Lululemon' with score 60
2025-06-15 23:24:02,792 - INFO - Matched 'nan' to 'Analog Devices' with score 72
2025-06-15 23:24:02,793 - INFO - Matched 'nan' to 'Analog Devices' with score 72
2025-06-15 23:24:02,793 - INFO - Matched 'nan' to 'Analog Devices' with score 72
2025-06-15 23:24:02,794 - INFO - Matched 'Apple Tablet Deal: The Speedy and Slim iPad Air M2' to 'Applied Materials' with score 60
2025-06-15 23:24:02,795 - INFO - Matched 'nan' to 'Analog Devices' with score 72
2025-06-15 23:24:02,796 - INFO - Matched 'nan' to 'Analog Devices' with score 72
2025-06-15 23:24:02,797 - INFO - Matched 'nan' to 'Analog Devices' with score 72
2025-06-15 23:24:02,798 - INFO - Matched 'nan' to 'Analog Devices' with score 72
2025-06-15 23:24:02,798 - INFO - Matched 'nan' to 'Analog Devices' with score 72
2025-06-15 23:24:02,803 - INFO - Matched 'nan' to 'Analog Devices' with score 72
2025-06-15 23:24:02,803 - INFO - Matched 'nan' to 'Analog Devices' with score 72
2025-06-15 23:24:02,803 - INFO - Matched 'nan' to 'Analog Devices' with score 72
2025-06-15 23:24:02,804 - INFO - Matched 'nan' to 'Analog Devices' with score 72
2025-06-15 23:24:02,805 - INFO - Matched 'CHYM' to 'Charter Communications' with score 60
2025-06-15 23:24:02,805 - INFO - Matched 'nan' to 'Analog Devices' with score 72
2025-06-15 23:24:02,807 - INFO - Matched 'nan' to 'Analog Devices' with score 72
2025-06-15 23:24:02,807 - INFO - Matched 'Brokerage' to 'Amgen' with score 68
2025-06-15 23:24:02,807 - INFO - Matched 'IonQ' to 'Activision Blizzard' with score 68
2025-06-15 23:24:02,809 - INFO - Matched 'nan' to 'Analog Devices' with score 72
2025-06-15 23:24:02,810 - INFO - Matched 'nan' to 'Analog Devices' with score 72
2025-06-15 23:24:02,811 - INFO - Matched 'nan' to 'Analog Devices' with score 72
2025-06-15 23:24:02,811 - INFO - Matched 'nan' to 'Analog Devices' with score 72
2025-06-15 23:24:02,812 - INFO - Matched 'Archer Aviation' to 'Biogen' with score 60
2025-06-15 23:24:02,813 - INFO - Matched 'F' to 'Fiserv' with score 90
2025-06-15 23:24:02,814 - INFO - Matched 'nan' to 'Analog Devices' with score 72
2025-06-15 23:24:02,814 - INFO - Matched 'nan' to 'Analog Devices' with score 72
2025-06-15 23:24:02,816 - INFO - Matched 'nan' to 'Analog Devices' with score 72
2025-06-15 23:24:02,818 - INFO - Matched 'Pop Mart' to 'Copart' with score 71
2025-06-15 23:24:02,819 - INFO - Matched 'nan' to 'Analog Devices' with score 72
2025-06-15 23:24:02,819 - INFO - Matched 'nan' to 'Analog Devices' with score 72
2025-06-15 23:24:02,820 - INFO - Matched 'nan' to 'Analog Devices' with score 72
2025-06-15 23:24:02,820 - INFO - Matched 'nan' to 'Analog Devices' with score 72
2025-06-15 23:24:02,821 - INFO - Matched 'nan' to 'Analog Devices' with score 72
2025-06-15 23:24:02,822 - INFO - Matched 'nan' to 'Analog Devices' with score 72
2025-06-15 23:24:02,822 - INFO - Matched 'nan' to 'Analog Devices' with score 72
2025-06-15 23:24:02,823 - INFO - Matched 'nan' to 'Analog Devices' with score 72
2025-06-15 23:24:02,823 - INFO - Matched 'nan' to 'Analog Devices' with score 72
2025-06-15 23:24:02,823 - INFO - Matched 'nan' to 'Analog Devices' with score 72
2025-06-15 23:24:02,823 - INFO - Matched 'nan' to 'Analog Devices' with score 72
2025-06-15 23:24:02,824 - INFO - Matched 'nan' to 'Analog Devices' with score 72
2025-06-15 23:24:02,824 - INFO - Matched 'nan' to 'Analog Devices' with score 72
2025-06-15 23:24:02,825 - INFO - Matched 'Boeing' to 'Booking Holdings' with score 77
2025-06-15 23:24:02,825 - INFO - Matched 'nan' to 'Analog Devices' with score 72
2025-06-15 23:24:02,826 - INFO - Matched 'VOO' to 'Align Technology' with score 60
2025-06-15 23:24:02,827 - INFO - Matched 'nan' to 'Analog Devices' with score 72
2025-06-15 23:24:02,827 - INFO - Matched 'nan' to 'Analog Devices' with score 72
2025-06-15 23:24:02,827 - INFO - Matched 'nan' to 'Analog Devices' with score 72
2025-06-15 23:24:02,827 - INFO - Matched 'nan' to 'Analog Devices' with score 72
2025-06-15 23:24:02,827 - INFO - Matched 'VOO' to 'Align Technology' with score 60
2025-06-15 23:24:02,828 - INFO - Matched 'r/Stocks Weekly Thread' to 'ADP' with score 72
2025-06-15 23:24:02,828 - INFO - Matched 'Visa' to 'Activision Blizzard' with score 68
2025-06-15 23:24:02,828 - INFO - Matched 'nan' to 'Analog Devices' with score 72
2025-06-15 23:24:02,830 - INFO - Matched 'nan' to 'Analog Devices' with score 72
2025-06-15 23:24:02,831 - INFO - Matched 'nan' to 'Analog Devices' with score 72
2025-06-15 23:24:02,831 - INFO - Matched 'nan' to 'Analog Devices' with score 72
2025-06-15 23:24:02,833 - INFO - Matched 'nan' to 'Analog Devices' with score 72
2025-06-15 23:24:02,833 - INFO - Matched 'nan' to 'Analog Devices' with score 72
2025-06-15 23:24:02,834 - INFO - Matched 'nan' to 'Analog Devices' with score 72
2025-06-15 23:24:02,835 - INFO - Matched 'nan' to 'Analog Devices' with score 72
2025-06-15 23:24:02,836 - INFO - Matched 'nan' to 'Analog Devices' with score 72
2025-06-15 23:24:02,837 - INFO - Matched 'Boeing' to 'Booking Holdings' with score 77
2025-06-15 23:24:02,840 - INFO - Matched 'nan' to 'Analog Devices' with score 72
2025-06-15 23:24:02,840 - INFO - Matched 'Visa' to 'Activision Blizzard' with score 68
2025-06-15 23:24:02,840 - INFO - Matched 'nan' to 'Analog Devices' with score 72
2025-06-15 23:24:02,842 - INFO - Matched 'nan' to 'Analog Devices' with score 72
2025-06-15 23:24:02,843 - INFO - Matched 'Trump' to 'Texas Instruments' with score 72
2025-06-15 23:24:02,843 - INFO - Matched 'nan' to 'Analog Devices' with score 72
2025-06-15 23:24:02,845 - INFO - Matched 'nan' to 'Analog Devices' with score 72
2025-06-15 23:24:02,845 - INFO - Matched 'nan' to 'Analog Devices' with score 72
2025-06-15 23:24:02,845 - INFO - Matched 'nan' to 'Analog Devices' with score 72
2025-06-15 23:24:02,849 - INFO - Matched 'nan' to 'Analog Devices' with score 72
2025-06-15 23:24:02,849 - INFO - Matched 'nan' to 'Analog Devices' with score 72
2025-06-15 23:24:02,852 - INFO - Matched 'nan' to 'Analog Devices' with score 72
2025-06-15 23:24:02,852 - INFO - Matched 'nan' to 'Analog Devices' with score 72
2025-06-15 23:24:02,853 - INFO - Matched 'nan' to 'Analog Devices' with score 72
2025-06-15 23:24:02,853 - INFO - Matched 'YOLO' to 'Align Technology' with score 68
2025-06-15 23:24:02,855 - INFO - Matched 'Roth IRA + Pension' to 'PepsiCo' with score 64
2025-06-15 23:24:02,855 - INFO - Matched 'nan' to 'Analog Devices' with score 72
2025-06-15 23:24:02,856 - INFO - Matched 'HIMS' to 'Cadence Design Systems' with score 60
2025-06-15 23:24:02,856 - INFO - Matched 'TSLL Gain' to 'Tesla, Inc.' with score 68
2025-06-15 23:24:02,856 - INFO - Matched 'nan' to 'Analog Devices' with score 72
2025-06-15 23:24:02,857 - INFO - Matched 'nan' to 'Analog Devices' with score 72
2025-06-15 23:24:02,857 - INFO - Matched 'UNH' to 'Baker Hughes' with score 60
2025-06-15 23:24:02,858 - INFO - Matched 'MCD' to 'Advanced Micro Devices Inc.' with score 60
2025-06-15 23:24:02,860 - INFO - Matched 'nan' to 'Analog Devices' with score 72
2025-06-15 23:24:02,860 - INFO - Matched 'nan' to 'Analog Devices' with score 72
2025-06-15 23:24:02,861 - INFO - Matched 'nan' to 'Analog Devices' with score 72
2025-06-15 23:24:02,861 - INFO - Matched 'nan' to 'Analog Devices' with score 72
2025-06-15 23:24:02,861 - INFO - Matched 'nan' to 'Analog Devices' with score 72
2025-06-15 23:24:02,862 - INFO - Matched 'nan' to 'Analog Devices' with score 72
2025-06-15 23:24:02,863 - INFO - Matched 'Archer Aviation' to 'Biogen' with score 60
2025-06-15 23:24:02,863 - INFO - Matched 'nan' to 'Analog Devices' with score 72
2025-06-15 23:24:02,863 - INFO - Matched 'nan' to 'Analog Devices' with score 72
2025-06-15 23:24:02,865 - INFO - Matched 'nan' to 'Analog Devices' with score 72
2025-06-15 23:24:02,865 - INFO - Matched 'r/Stocks Daily Discussion & Fundamentals' to 'Amgen' with score 72
2025-06-15 23:24:02,865 - INFO - Matched 'nan' to 'Analog Devices' with score 72
2025-06-15 23:24:02,866 - INFO - Matched 'nan' to 'Analog Devices' with score 72
2025-06-15 23:24:02,867 - INFO - Matched 'nan' to 'Analog Devices' with score 72
2025-06-15 23:24:02,867 - INFO - Matched 'nan' to 'Analog Devices' with score 72
2025-06-15 23:24:02,868 - INFO - Matched 'nan' to 'Analog Devices' with score 72
2025-06-15 23:24:02,868 - INFO - Matched 'nan' to 'Analog Devices' with score 72
2025-06-15 23:24:02,869 - INFO - Matched 'nan' to 'Analog Devices' with score 72
2025-06-15 23:24:02,869 - INFO - Matched 'nan' to 'Analog Devices' with score 72
2025-06-15 23:24:02,869 - INFO - Matched 'nan' to 'Analog Devices' with score 72
2025-06-15 23:24:02,870 - INFO - Matched 'AMD' to 'Adobe Inc.' with score 72
2025-06-15 23:24:02,871 - INFO - Matched 'Oracle' to 'Vertex Pharmaceuticals' with score 60
2025-06-15 23:24:02,873 - INFO - Matched 'nan' to 'Analog Devices' with score 72
2025-06-15 23:24:02,873 - INFO - Matched 'ACHR' to 'Charter Communications' with score 68
2025-06-15 23:24:02,873 - INFO - Matched 'IPO' to 'Activision Blizzard' with score 60
2025-06-15 23:24:02,873 - INFO - Matched 'Boeing' to 'Booking Holdings' with score 77
2025-06-15 23:24:02,874 - INFO - Matched 'nan' to 'Analog Devices' with score 72
2025-06-15 23:24:02,875 - INFO - Matched 'nan' to 'Analog Devices' with score 72
2025-06-15 23:24:02,876 - INFO - Matched 'Private Offering' to 'Rivian' with score 65
2025-06-15 23:24:02,877 - INFO - Matched 'TACO Trade Overextended' to 'Adobe Inc.' with score 64
2025-06-15 23:24:02,880 - INFO - Matched 'the Federal Reserve' to 'Fiserv' with score 65
2025-06-15 23:24:02,881 - INFO - Matched 'nan' to 'Analog Devices' with score 72
2025-06-15 23:24:02,886 - INFO - Saved name mapping to data/company_name_mapping.csv
2025-06-15 23:24:02,888 - INFO - Filtered out 17 records without valid company matches
2025-06-15 23:38:55,843 - INFO - Loaded input files. Found 209 records and 101 NASDAQ companies.
2025-06-15 23:38:55,846 - INFO - Starting company name normalization...
2025-06-15 23:38:55,847 - INFO - Matched 'nan' to 'Analog Devices' with score 72
2025-06-15 23:38:55,848 - INFO - Matched 'nan' to 'Analog Devices' with score 72
2025-06-15 23:38:55,848 - INFO - Matched 'nan' to 'Analog Devices' with score 72
2025-06-15 23:38:55,848 - INFO - Matched 'nan' to 'Analog Devices' with score 72
2025-06-15 23:38:55,849 - INFO - Matched 'nan' to 'Analog Devices' with score 72
2025-06-15 23:38:55,849 - INFO - Matched 'AI' to 'Airbnb' with score 90
2025-06-15 23:38:55,850 - INFO - Matched 'nan' to 'Analog Devices' with score 72
2025-06-15 23:38:55,850 - INFO - Matched 'ROTH' to 'Marriott International' with score 68
2025-06-15 23:38:55,851 - INFO - Matched 'nan' to 'Analog Devices' with score 72
2025-06-15 23:38:55,851 - INFO - Matched 'Estée Lauder' to 'Tesla, Inc.' with score 72
2025-06-15 23:38:55,851 - INFO - Matched 'Shanghai Film Festival Builds Cultural Bridge' to 'Biogen' with score 60
2025-06-15 23:38:55,853 - INFO - Matched 'nan' to 'Analog Devices' with score 72
2025-06-15 23:38:55,853 - INFO - Matched 'nan' to 'Analog Devices' with score 72
2025-06-15 23:38:55,854 - INFO - Matched 'nan' to 'Analog Devices' with score 72
2025-06-15 23:38:55,854 - INFO - Matched 'nan' to 'Analog Devices' with score 72
2025-06-15 23:38:55,854 - INFO - Matched 'Driver' to 'GlobalFoundries' with score 65
2025-06-15 23:38:55,855 - INFO - Matched 'nan' to 'Analog Devices' with score 72
2025-06-15 23:38:55,855 - INFO - Matched 'National Forest for Wales - GOV.WALES' to 'Apple Inc.' with score 60
2025-06-15 23:38:55,857 - INFO - Matched 'Coinbase' to 'Cintas' with score 71
2025-06-15 23:38:55,857 - INFO - Matched 'Air India' to 'Nvidia' with score 72
2025-06-15 23:38:55,857 - INFO - Matched 'nan' to 'Analog Devices' with score 72
2025-06-15 23:38:55,857 - INFO - Matched 'Comvita' to 'Cintas' with score 62
2025-06-15 23:38:55,858 - INFO - Matched 'nan' to 'Analog Devices' with score 72
2025-06-15 23:38:55,858 - INFO - Matched 'Honda' to 'Diamondback Energy' with score 72
2025-06-15 23:38:55,859 - INFO - Matched 'Democratic Party' to 'Copart' with score 75
2025-06-15 23:38:55,859 - INFO - Matched 'nan' to 'Analog Devices' with score 72
2025-06-15 23:38:55,859 - INFO - Matched 'nan' to 'Analog Devices' with score 72
2025-06-15 23:38:55,860 - INFO - Matched 'Google AI Overviews' to 'Verisk' with score 60
2025-06-15 23:38:55,861 - INFO - Matched 'EHA' to 'Align Technology' with score 60
2025-06-15 23:38:55,861 - INFO - Matched 'MG Motor’s' to 'Lucid Motors' with score 64
2025-06-15 23:38:55,861 - INFO - Matched 'Qualtrics' to 'CSX Corporation' with score 72
2025-06-15 23:38:55,862 - INFO - Matched 'nan' to 'Analog Devices' with score 72
2025-06-15 23:38:55,862 - INFO - Matched 'Amazon Business]' to 'Amazon' with score 90
2025-06-15 23:38:55,862 - INFO - Matched 'Giants' to 'Cintas' with score 67
2025-06-15 23:38:55,863 - INFO - Matched 'Google AI Overviews' to 'Verisk' with score 60
2025-06-15 23:38:55,863 - INFO - Matched 'Boeing' to 'Booking Holdings' with score 77
2025-06-15 23:38:55,864 - INFO - Matched 'Sway AI Skeptics' to 'CSX Corporation' with score 72
2025-06-15 23:38:55,865 - INFO - Matched 'Sega selling Sonic' to 'Seagen' with score 60
2025-06-15 23:38:55,865 - INFO - Matched 'Boeing' to 'Booking Holdings' with score 77
2025-06-15 23:38:55,866 - INFO - Matched 'Nissan' to 'Atlassian' with score 65
2025-06-15 23:38:55,866 - INFO - Matched 'Nissan' to 'Atlassian' with score 65
2025-06-15 23:38:55,867 - INFO - Matched 'nan' to 'Analog Devices' with score 72
2025-06-15 23:38:55,867 - INFO - Matched 'nan' to 'Analog Devices' with score 72
2025-06-15 23:38:55,868 - INFO - Matched 'nan' to 'Analog Devices' with score 72
2025-06-15 23:38:55,869 - INFO - Matched 'nan' to 'Analog Devices' with score 72
2025-06-15 23:38:55,869 - INFO - Matched 'CNN' to 'Align Technology' with score 60
2025-06-15 23:38:55,869 - INFO - Matched 'ADNOC' to 'ADP' with score 72
2025-06-15 23:38:55,870 - INFO - Matched 'Otsuka Pharmaceutical Opens First POCARI SWEAT Factory' to 'Vertex Pharmaceuticals' with score 67
2025-06-15 23:38:55,870 - INFO - Matched 'nan' to 'Analog Devices' with score 72
2025-06-15 23:38:55,871 - INFO - Matched 'nan' to 'Analog Devices' with score 72
2025-06-15 23:38:55,872 - INFO - Matched 'Kinatico Ltd's' to 'Charter Communications' with score 60
2025-06-15 23:38:55,873 - INFO - Matched 'AI' to 'Airbnb' with score 90
2025-06-15 23:38:55,873 - INFO - Matched 'nan' to 'Analog Devices' with score 72
2025-06-15 23:38:55,873 - INFO - Matched 'nan' to 'Analog Devices' with score 72
2025-06-15 23:38:55,873 - INFO - Matched 'nan' to 'Analog Devices' with score 72
2025-06-15 23:38:55,874 - INFO - Matched 'Volkswagen' to 'Amgen' with score 80
2025-06-15 23:38:55,875 - INFO - Matched 'CEM' to 'Advanced Micro Devices Inc.' with score 60
2025-06-15 23:38:55,876 - INFO - Matched 'StubHub Pledges' to 'Apple Inc.' with score 64
2025-06-15 23:38:55,877 - INFO - Matched 'VinFast' to 'Texas Instruments' with score 62
2025-06-15 23:38:55,877 - INFO - Matched 'AI' to 'Airbnb' with score 90
2025-06-15 23:38:55,877 - INFO - Matched 'nan' to 'Analog Devices' with score 72
2025-06-15 23:38:55,877 - INFO - Matched 'nan' to 'Analog Devices' with score 72
2025-06-15 23:38:55,878 - INFO - Matched 'Breakthrough Privacy-Preserving Medical Intelligence' to 'Intel' with score 60
2025-06-15 23:38:55,878 - INFO - Matched 'nan' to 'Analog Devices' with score 72
2025-06-15 23:38:55,879 - INFO - Matched 'AI' to 'Airbnb' with score 90
2025-06-15 23:38:55,879 - INFO - Matched 'nan' to 'Analog Devices' with score 72
2025-06-15 23:38:55,879 - INFO - Matched 'nan' to 'Analog Devices' with score 72
2025-06-15 23:38:55,881 - INFO - Matched 'nan' to 'Analog Devices' with score 72
2025-06-15 23:38:55,881 - INFO - Matched 'nan' to 'Analog Devices' with score 72
2025-06-15 23:38:55,882 - INFO - Matched 'nan' to 'Analog Devices' with score 72
2025-06-15 23:38:55,882 - INFO - Matched 'Pokémon' to 'Lululemon' with score 60
2025-06-15 23:38:55,882 - INFO - Matched 'nan' to 'Analog Devices' with score 72
2025-06-15 23:38:55,883 - INFO - Matched 'nan' to 'Analog Devices' with score 72
2025-06-15 23:38:55,884 - INFO - Matched 'nan' to 'Analog Devices' with score 72
2025-06-15 23:38:55,885 - INFO - Matched 'Apple Tablet Deal: The Speedy and Slim iPad Air M2' to 'Applied Materials' with score 60
2025-06-15 23:38:55,885 - INFO - Matched 'nan' to 'Analog Devices' with score 72
2025-06-15 23:38:55,886 - INFO - Matched 'nan' to 'Analog Devices' with score 72
2025-06-15 23:38:55,886 - INFO - Matched 'nan' to 'Analog Devices' with score 72
2025-06-15 23:38:55,886 - INFO - Matched 'nan' to 'Analog Devices' with score 72
2025-06-15 23:38:55,887 - INFO - Matched 'nan' to 'Analog Devices' with score 72
2025-06-15 23:38:55,888 - INFO - Matched 'nan' to 'Analog Devices' with score 72
2025-06-15 23:38:55,888 - INFO - Matched 'nan' to 'Analog Devices' with score 72
2025-06-15 23:38:55,888 - INFO - Matched 'nan' to 'Analog Devices' with score 72
2025-06-15 23:38:55,890 - INFO - Matched 'nan' to 'Analog Devices' with score 72
2025-06-15 23:38:55,890 - INFO - Matched 'CHYM' to 'Charter Communications' with score 60
2025-06-15 23:38:55,890 - INFO - Matched 'nan' to 'Analog Devices' with score 72
2025-06-15 23:38:55,890 - INFO - Matched 'Brokerage' to 'Amgen' with score 68
2025-06-15 23:38:55,891 - INFO - Matched 'IonQ' to 'Activision Blizzard' with score 68
2025-06-15 23:38:55,892 - INFO - Matched 'nan' to 'Analog Devices' with score 72
2025-06-15 23:38:55,892 - INFO - Matched 'nan' to 'Analog Devices' with score 72
2025-06-15 23:38:55,893 - INFO - Matched 'nan' to 'Analog Devices' with score 72
2025-06-15 23:38:55,895 - INFO - Matched 'nan' to 'Analog Devices' with score 72
2025-06-15 23:38:55,895 - INFO - Matched 'Archer Aviation' to 'Biogen' with score 60
2025-06-15 23:38:55,895 - INFO - Matched 'F' to 'Fiserv' with score 90
2025-06-15 23:38:55,898 - INFO - Matched 'nan' to 'Analog Devices' with score 72
2025-06-15 23:38:55,898 - INFO - Matched 'nan' to 'Analog Devices' with score 72
2025-06-15 23:38:55,898 - INFO - Matched 'nan' to 'Analog Devices' with score 72
2025-06-15 23:38:55,899 - INFO - Matched 'Pop Mart' to 'Copart' with score 71
2025-06-15 23:38:55,899 - INFO - Matched 'nan' to 'Analog Devices' with score 72
2025-06-15 23:38:55,900 - INFO - Matched 'nan' to 'Analog Devices' with score 72
2025-06-15 23:38:55,901 - INFO - Matched 'nan' to 'Analog Devices' with score 72
2025-06-15 23:38:55,901 - INFO - Matched 'nan' to 'Analog Devices' with score 72
2025-06-15 23:38:55,901 - INFO - Matched 'nan' to 'Analog Devices' with score 72
2025-06-15 23:38:55,902 - INFO - Matched 'nan' to 'Analog Devices' with score 72
2025-06-15 23:38:55,902 - INFO - Matched 'nan' to 'Analog Devices' with score 72
2025-06-15 23:38:55,902 - INFO - Matched 'nan' to 'Analog Devices' with score 72
2025-06-15 23:38:55,902 - INFO - Matched 'nan' to 'Analog Devices' with score 72
2025-06-15 23:38:55,903 - INFO - Matched 'nan' to 'Analog Devices' with score 72
2025-06-15 23:38:55,903 - INFO - Matched 'nan' to 'Analog Devices' with score 72
2025-06-15 23:38:55,904 - INFO - Matched 'nan' to 'Analog Devices' with score 72
2025-06-15 23:38:55,904 - INFO - Matched 'nan' to 'Analog Devices' with score 72
2025-06-15 23:38:55,904 - INFO - Matched 'Boeing' to 'Booking Holdings' with score 77
2025-06-15 23:38:55,906 - INFO - Matched 'nan' to 'Analog Devices' with score 72
2025-06-15 23:38:55,906 - INFO - Matched 'VOO' to 'Align Technology' with score 60
2025-06-15 23:38:55,906 - INFO - Matched 'nan' to 'Analog Devices' with score 72
2025-06-15 23:38:55,906 - INFO - Matched 'nan' to 'Analog Devices' with score 72
2025-06-15 23:38:55,906 - INFO - Matched 'nan' to 'Analog Devices' with score 72
2025-06-15 23:38:55,908 - INFO - Matched 'nan' to 'Analog Devices' with score 72
2025-06-15 23:38:55,908 - INFO - Matched 'VOO' to 'Align Technology' with score 60
2025-06-15 23:38:55,910 - INFO - Matched 'r/Stocks Weekly Thread' to 'ADP' with score 72
2025-06-15 23:38:55,910 - INFO - Matched 'Visa' to 'Activision Blizzard' with score 68
2025-06-15 23:38:55,911 - INFO - Matched 'nan' to 'Analog Devices' with score 72
2025-06-15 23:38:55,911 - INFO - Matched 'nan' to 'Analog Devices' with score 72
2025-06-15 23:38:55,911 - INFO - Matched 'nan' to 'Analog Devices' with score 72
2025-06-15 23:38:55,913 - INFO - Matched 'nan' to 'Analog Devices' with score 72
2025-06-15 23:38:55,915 - INFO - Matched 'nan' to 'Analog Devices' with score 72
2025-06-15 23:38:55,915 - INFO - Matched 'nan' to 'Analog Devices' with score 72
2025-06-15 23:38:55,916 - INFO - Matched 'nan' to 'Analog Devices' with score 72
2025-06-15 23:38:55,917 - INFO - Matched 'nan' to 'Analog Devices' with score 72
2025-06-15 23:38:55,917 - INFO - Matched 'nan' to 'Analog Devices' with score 72
2025-06-15 23:38:55,918 - INFO - Matched 'Boeing' to 'Booking Holdings' with score 77
2025-06-15 23:38:55,918 - INFO - Matched 'nan' to 'Analog Devices' with score 72
2025-06-15 23:38:55,919 - INFO - Matched 'Visa' to 'Activision Blizzard' with score 68
2025-06-15 23:38:55,919 - INFO - Matched 'nan' to 'Analog Devices' with score 72
2025-06-15 23:38:55,920 - INFO - Matched 'nan' to 'Analog Devices' with score 72
2025-06-15 23:38:55,920 - INFO - Matched 'Trump' to 'Texas Instruments' with score 72
2025-06-15 23:38:55,920 - INFO - Matched 'nan' to 'Analog Devices' with score 72
2025-06-15 23:38:55,921 - INFO - Matched 'nan' to 'Analog Devices' with score 72
2025-06-15 23:38:55,922 - INFO - Matched 'nan' to 'Analog Devices' with score 72
2025-06-15 23:38:55,922 - INFO - Matched 'nan' to 'Analog Devices' with score 72
2025-06-15 23:38:55,923 - INFO - Matched 'nan' to 'Analog Devices' with score 72
2025-06-15 23:38:55,923 - INFO - Matched 'nan' to 'Analog Devices' with score 72
2025-06-15 23:38:55,924 - INFO - Matched 'nan' to 'Analog Devices' with score 72
2025-06-15 23:38:55,924 - INFO - Matched 'nan' to 'Analog Devices' with score 72
2025-06-15 23:38:55,924 - INFO - Matched 'nan' to 'Analog Devices' with score 72
2025-06-15 23:38:55,925 - INFO - Matched 'YOLO' to 'Align Technology' with score 68
2025-06-15 23:38:55,926 - INFO - Matched 'Roth IRA + Pension' to 'PepsiCo' with score 64
2025-06-15 23:38:55,927 - INFO - Matched 'nan' to 'Analog Devices' with score 72
2025-06-15 23:38:55,928 - INFO - Matched 'HIMS' to 'Cadence Design Systems' with score 60
2025-06-15 23:38:55,930 - INFO - Matched 'TSLL Gain' to 'Tesla, Inc.' with score 68
2025-06-15 23:38:55,930 - INFO - Matched 'nan' to 'Analog Devices' with score 72
2025-06-15 23:38:55,930 - INFO - Matched 'nan' to 'Analog Devices' with score 72
2025-06-15 23:38:55,932 - INFO - Matched 'UNH' to 'Baker Hughes' with score 60
2025-06-15 23:38:55,932 - INFO - Matched 'MCD' to 'Advanced Micro Devices Inc.' with score 60
2025-06-15 23:38:55,933 - INFO - Matched 'nan' to 'Analog Devices' with score 72
2025-06-15 23:38:55,933 - INFO - Matched 'nan' to 'Analog Devices' with score 72
2025-06-15 23:38:55,935 - INFO - Matched 'nan' to 'Analog Devices' with score 72
2025-06-15 23:38:55,935 - INFO - Matched 'nan' to 'Analog Devices' with score 72
2025-06-15 23:38:55,936 - INFO - Matched 'nan' to 'Analog Devices' with score 72
2025-06-15 23:38:55,936 - INFO - Matched 'nan' to 'Analog Devices' with score 72
2025-06-15 23:38:55,936 - INFO - Matched 'Archer Aviation' to 'Biogen' with score 60
2025-06-15 23:38:55,937 - INFO - Matched 'nan' to 'Analog Devices' with score 72
2025-06-15 23:38:55,937 - INFO - Matched 'nan' to 'Analog Devices' with score 72
2025-06-15 23:38:55,938 - INFO - Matched 'nan' to 'Analog Devices' with score 72
2025-06-15 23:38:55,938 - INFO - Matched 'r/Stocks Daily Discussion & Fundamentals' to 'Amgen' with score 72
2025-06-15 23:38:55,938 - INFO - Matched 'nan' to 'Analog Devices' with score 72
2025-06-15 23:38:55,938 - INFO - Matched 'nan' to 'Analog Devices' with score 72
2025-06-15 23:38:55,940 - INFO - Matched 'nan' to 'Analog Devices' with score 72
2025-06-15 23:38:55,940 - INFO - Matched 'nan' to 'Analog Devices' with score 72
2025-06-15 23:38:55,940 - INFO - Matched 'nan' to 'Analog Devices' with score 72
2025-06-15 23:38:55,940 - INFO - Matched 'nan' to 'Analog Devices' with score 72
2025-06-15 23:38:55,940 - INFO - Matched 'nan' to 'Analog Devices' with score 72
2025-06-15 23:38:55,942 - INFO - Matched 'nan' to 'Analog Devices' with score 72
2025-06-15 23:38:55,942 - INFO - Matched 'nan' to 'Analog Devices' with score 72
2025-06-15 23:38:55,942 - INFO - Matched 'nan' to 'Analog Devices' with score 72
2025-06-15 23:38:55,943 - INFO - Matched 'nan' to 'Analog Devices' with score 72
2025-06-15 23:38:55,944 - INFO - Matched 'AMD' to 'Adobe Inc.' with score 72
2025-06-15 23:38:55,944 - INFO - Matched 'Oracle' to 'Vertex Pharmaceuticals' with score 60
2025-06-15 23:38:55,945 - INFO - Matched 'nan' to 'Analog Devices' with score 72
2025-06-15 23:38:55,945 - INFO - Matched 'ACHR' to 'Charter Communications' with score 68
2025-06-15 23:38:55,946 - INFO - Matched 'IPO' to 'Activision Blizzard' with score 60
2025-06-15 23:38:55,946 - INFO - Matched 'Boeing' to 'Booking Holdings' with score 77
2025-06-15 23:38:55,948 - INFO - Matched 'nan' to 'Analog Devices' with score 72
2025-06-15 23:38:55,948 - INFO - Matched 'nan' to 'Analog Devices' with score 72
2025-06-15 23:38:55,948 - INFO - Matched 'Private Offering' to 'Rivian' with score 65
2025-06-15 23:38:55,948 - INFO - Matched 'TACO Trade Overextended' to 'Adobe Inc.' with score 64
2025-06-15 23:38:55,950 - INFO - Matched 'the Federal Reserve' to 'Fiserv' with score 65
2025-06-15 23:38:55,950 - INFO - Matched 'nan' to 'Analog Devices' with score 72
2025-06-15 23:38:55,956 - INFO - Saved name mapping to data/company_name_mapping.csv
2025-06-15 23:38:55,958 - INFO - Filtered out 16 records without valid company matches
2025-06-17 14:18:31,268 - INFO - Loaded input files. Found 233 records and 101 NASDAQ companies.
2025-06-17 14:18:31,271 - INFO - Starting company name normalization...
2025-06-17 14:18:31,274 - INFO - Matched 'nan' to 'Analog Devices' with score 72
2025-06-17 14:18:31,275 - INFO - Matched 'nan' to 'Analog Devices' with score 72
2025-06-17 14:18:31,275 - INFO - Matched 'nan' to 'Analog Devices' with score 72
2025-06-17 14:18:31,276 - INFO - Matched 'Cactus Inc' to 'Activision Blizzard' with score 60
2025-06-17 14:18:31,278 - INFO - Matched 'BNTX' to 'Cognizant' with score 60
2025-06-17 14:18:31,278 - INFO - Matched 'nan' to 'Analog Devices' with score 72
2025-06-17 14:18:31,280 - INFO - Matched 'SGOV' to 'Warner Bros. Discovery' with score 68
2025-06-17 14:18:31,281 - INFO - Matched 'nan' to 'Analog Devices' with score 72
2025-06-17 14:18:31,282 - INFO - Matched 'SPY Credit Spreads' to 'ADP' with score 60
2025-06-17 14:18:31,283 - INFO - Matched 'Oakley' to 'eBay' with score 60
2025-06-17 14:18:31,284 - INFO - Matched 'nan' to 'Analog Devices' with score 72
2025-06-17 14:18:31,284 - INFO - Matched 'nan' to 'Analog Devices' with score 72
2025-06-17 14:18:31,285 - INFO - Matched 'nan' to 'Analog Devices' with score 72
2025-06-17 14:18:31,287 - INFO - Matched 'Trump' to 'Texas Instruments' with score 72
2025-06-17 14:18:31,287 - INFO - Matched 'nan' to 'Analog Devices' with score 72
2025-06-17 14:18:31,288 - INFO - Matched 'nan' to 'Analog Devices' with score 72
2025-06-17 14:18:31,290 - INFO - Matched 'nan' to 'Analog Devices' with score 72
2025-06-17 14:18:31,291 - INFO - Matched 'Duolingo’s 20B+ Valuation' to 'Biogen' with score 60
2025-06-17 14:18:31,291 - INFO - Matched 'LMT' to 'Applied Materials' with score 60
2025-06-17 14:18:31,292 - INFO - Matched 'nan' to 'Analog Devices' with score 72
2025-06-17 14:18:31,292 - INFO - Matched 'Biotech' to 'Microchip Technology' with score 64
2025-06-17 14:18:31,293 - INFO - Matched 'nan' to 'Analog Devices' with score 72
2025-06-17 14:18:31,294 - INFO - Matched 'nan' to 'Analog Devices' with score 72
2025-06-17 14:18:31,295 - INFO - Matched 'nan' to 'Analog Devices' with score 72
2025-06-17 14:18:31,296 - INFO - Matched 'SPY' to 'Synopsys' with score 72
2025-06-17 14:18:31,296 - INFO - Matched 'nan' to 'Analog Devices' with score 72
2025-06-17 14:18:31,299 - INFO - Matched 'nan' to 'Analog Devices' with score 72
2025-06-17 14:18:31,300 - INFO - Matched 'nan' to 'Analog Devices' with score 72
2025-06-17 14:18:31,300 - INFO - Matched 'nan' to 'Analog Devices' with score 72
2025-06-17 14:18:31,301 - INFO - Matched 'Oracle' to 'Vertex Pharmaceuticals' with score 60
2025-06-17 14:18:31,301 - INFO - Matched 'nan' to 'Analog Devices' with score 72
2025-06-17 14:18:31,302 - INFO - Matched 'TSMC' to 'Electronic Arts' with score 60
2025-06-17 14:18:31,304 - INFO - Matched 'nan' to 'Analog Devices' with score 72
2025-06-17 14:18:31,304 - INFO - Matched 'nan' to 'Analog Devices' with score 72
2025-06-17 14:18:31,307 - INFO - Matched 'IPO' to 'Activision Blizzard' with score 60
2025-06-17 14:18:31,308 - INFO - Matched 'nan' to 'Analog Devices' with score 72
2025-06-17 14:18:31,308 - INFO - Matched 'nan' to 'Analog Devices' with score 72
2025-06-17 14:18:31,309 - INFO - Matched 'nan' to 'Analog Devices' with score 72
2025-06-17 14:18:31,310 - INFO - Matched 'Eutelsat' to 'Tesla, Inc.' with score 72
2025-06-17 14:18:31,311 - INFO - Matched 'BYDDY / BY6 - $' to 'eBay' with score 60
2025-06-17 14:18:31,312 - INFO - Matched 'nan' to 'Analog Devices' with score 72
2025-06-17 14:18:31,313 - INFO - Matched 'nan' to 'Analog Devices' with score 72
2025-06-17 14:18:31,314 - INFO - Matched 'nan' to 'Analog Devices' with score 72
2025-06-17 14:18:31,316 - INFO - Matched 'nan' to 'Analog Devices' with score 72
2025-06-17 14:18:31,316 - INFO - Matched 'nan' to 'Analog Devices' with score 72
2025-06-17 14:18:31,317 - INFO - Matched 'TMC' to 'Align Technology' with score 60
2025-06-17 14:18:31,318 - INFO - Matched 'YOLO' to 'Align Technology' with score 68
2025-06-17 14:18:31,319 - INFO - Matched 'nan' to 'Analog Devices' with score 72
2025-06-17 14:18:31,319 - INFO - Matched 'nan' to 'Analog Devices' with score 72
2025-06-17 14:18:31,320 - INFO - Matched 'nan' to 'Analog Devices' with score 72
2025-06-17 14:18:31,321 - INFO - Matched 'Canadian Raw Building Materials' to 'Applied Materials' with score 86
2025-06-17 14:18:31,322 - INFO - Matched 'Senate' to 'Seagen' with score 67
2025-06-17 14:18:31,322 - INFO - Matched 'nan' to 'Analog Devices' with score 72
2025-06-17 14:18:31,322 - INFO - Matched 'UNH' to 'Baker Hughes' with score 60
2025-06-17 14:18:31,323 - INFO - Matched 'nan' to 'Analog Devices' with score 72
2025-06-17 14:18:31,324 - INFO - Matched 'nan' to 'Analog Devices' with score 72
2025-06-17 14:18:31,324 - INFO - Matched 'nan' to 'Analog Devices' with score 72
2025-06-17 14:18:31,326 - INFO - Matched 'nan' to 'Analog Devices' with score 72
2025-06-17 14:18:31,327 - INFO - Matched 'PLTR' to 'Meta Platforms' with score 68
2025-06-17 14:18:31,327 - INFO - Matched 'Trump' to 'Texas Instruments' with score 72
2025-06-17 14:18:31,329 - INFO - Matched 'nan' to 'Analog Devices' with score 72
2025-06-17 14:18:31,329 - INFO - Matched 'AMD Soars' to 'ADP' with score 60
2025-06-17 14:18:31,330 - INFO - Matched 'nan' to 'Analog Devices' with score 72
2025-06-17 14:18:31,331 - INFO - Matched 'nan' to 'Analog Devices' with score 72
2025-06-17 14:18:31,333 - INFO - Matched 'nan' to 'Analog Devices' with score 72
2025-06-17 14:18:31,333 - INFO - Matched 'nan' to 'Analog Devices' with score 72
2025-06-17 14:18:31,334 - INFO - Matched 'nan' to 'Analog Devices' with score 72
2025-06-17 14:18:31,335 - INFO - Matched 'nan' to 'Analog Devices' with score 72
2025-06-17 14:18:31,335 - INFO - Matched 'ROSEN' to 'Regeneron' with score 68
2025-06-17 14:18:31,336 - INFO - Matched 'WhatsApp' to 'Apple Inc.' with score 68
2025-06-17 14:18:31,337 - INFO - Matched 'Bazan' to 'Cognizant' with score 60
2025-06-17 14:18:31,337 - INFO - Matched 'Release Times Revealed' to 'Apple Inc.' with score 60
2025-06-17 14:18:31,338 - INFO - Matched 'nan' to 'Analog Devices' with score 72
2025-06-17 14:18:31,339 - INFO - Matched 'nan' to 'Analog Devices' with score 72
2025-06-17 14:18:31,340 - INFO - Matched 'The First Copy of Richie Mensah’s Book' to 'Booking Holdings' with score 65
2025-06-17 14:18:31,340 - INFO - Matched 'nan' to 'Analog Devices' with score 72
2025-06-17 14:18:31,342 - INFO - Matched 'nan' to 'Analog Devices' with score 72
2025-06-17 14:18:31,343 - INFO - Matched 'nan' to 'Analog Devices' with score 72
2025-06-17 14:18:31,344 - INFO - Matched 'nan' to 'Analog Devices' with score 72
2025-06-17 14:18:31,346 - INFO - Matched 'WhatsApp' to 'Apple Inc.' with score 68
2025-06-17 14:18:31,346 - INFO - Matched 'nan' to 'Analog Devices' with score 72
2025-06-17 14:18:31,348 - INFO - Matched 'nan' to 'Analog Devices' with score 72
2025-06-17 14:18:31,348 - INFO - Matched 'Industrial Trust' to 'Intuit' with score 60
2025-06-17 14:18:31,349 - INFO - Matched 'nan' to 'Analog Devices' with score 72
2025-06-17 14:18:31,351 - INFO - Matched 'Chess' to 'Advanced Micro Devices Inc.' with score 68
2025-06-17 14:18:31,351 - INFO - Matched 'nan' to 'Analog Devices' with score 72
2025-06-17 14:18:31,352 - INFO - Matched 'nan' to 'Analog Devices' with score 72
2025-06-17 14:18:31,353 - INFO - Matched 'nan' to 'Analog Devices' with score 72
2025-06-17 14:18:31,355 - INFO - Matched 'Yale' to 'PayPal' with score 68
2025-06-17 14:18:31,355 - INFO - Matched 'nan' to 'Analog Devices' with score 72
2025-06-17 14:18:31,356 - INFO - Matched 'Latest Google Home' to 'KLA Corporation' with score 72
2025-06-17 14:18:31,357 - INFO - Matched 'nan' to 'Analog Devices' with score 72
2025-06-17 14:18:31,358 - INFO - Matched 'Visa Scandal Chaos' to 'ADP' with score 60
2025-06-17 14:18:31,359 - INFO - Matched 'nan' to 'Analog Devices' with score 72
2025-06-17 14:18:31,361 - INFO - Matched 'nan' to 'Analog Devices' with score 72
2025-06-17 14:18:31,361 - INFO - Matched 'nan' to 'Analog Devices' with score 72
2025-06-17 14:18:31,362 - INFO - Matched 'Trump Organization' to 'Cognizant' with score 70
2025-06-17 14:18:31,363 - INFO - Matched 'TMC' to 'Align Technology' with score 60
2025-06-17 14:18:31,363 - INFO - Matched 'nan' to 'Analog Devices' with score 72
2025-06-17 14:18:31,364 - INFO - Matched 'nan' to 'Analog Devices' with score 72
2025-06-17 14:18:31,367 - INFO - Matched 'nan' to 'Analog Devices' with score 72
2025-06-17 14:18:31,368 - INFO - Matched 'AMD' to 'Adobe Inc.' with score 72
2025-06-17 14:18:31,368 - INFO - Matched 'nan' to 'Analog Devices' with score 72
2025-06-17 14:18:31,370 - INFO - Matched 'Borderlands 4 Collector’s Edition' to 'Moderna' with score 64
2025-06-17 14:18:31,370 - INFO - Matched 'nan' to 'Analog Devices' with score 72
2025-06-17 14:18:31,370 - INFO - Matched 'nan' to 'Analog Devices' with score 72
2025-06-17 14:18:31,371 - INFO - Matched 'nan' to 'Analog Devices' with score 72
2025-06-17 14:18:31,371 - INFO - Matched 'Kimco Realty® Announces' to 'CSX Corporation' with score 60
2025-06-17 14:18:31,373 - INFO - Matched 'nan' to 'Analog Devices' with score 72
2025-06-17 14:18:31,374 - INFO - Matched 'nan' to 'Analog Devices' with score 72
2025-06-17 14:18:31,376 - INFO - Matched 'nan' to 'Analog Devices' with score 72
2025-06-17 14:18:31,377 - INFO - Matched 'Navigator Gas Announces Results' to 'Nvidia' with score 60
2025-06-17 14:18:31,378 - INFO - Matched 'nan' to 'Analog Devices' with score 72
2025-06-17 14:18:31,379 - INFO - Matched 'Zeo Energy Corp.' to 'Constellation Energy' with score 86
2025-06-17 14:18:31,381 - INFO - Matched 'TMC' to 'Align Technology' with score 60
2025-06-17 14:18:31,381 - INFO - Matched 'nan' to 'Analog Devices' with score 72
2025-06-17 14:18:31,383 - INFO - Matched 'Provide Update' to 'PDD Holdings' with score 60
2025-06-17 14:18:31,385 - INFO - Matched 'nan' to 'Analog Devices' with score 72
2025-06-17 14:18:31,386 - INFO - Matched 'nan' to 'Analog Devices' with score 72
2025-06-17 14:18:31,386 - INFO - Matched 'Nexus Mods' to 'NXP' with score 60
2025-06-17 14:18:31,387 - INFO - Matched 'Trump' to 'Texas Instruments' with score 72
2025-06-17 14:18:31,388 - INFO - Matched 'nan' to 'Analog Devices' with score 72
2025-06-17 14:18:31,389 - INFO - Matched 'nan' to 'Analog Devices' with score 72
2025-06-17 14:18:31,390 - INFO - Matched 'nan' to 'Analog Devices' with score 72
2025-06-17 14:18:31,392 - INFO - Matched 'nan' to 'Analog Devices' with score 72
2025-06-17 14:18:31,392 - INFO - Matched 'AI Tokens' to 'Charter Communications' with score 60
2025-06-17 14:18:31,393 - INFO - Matched 'DDD Investor Notice: Robbins LLP Reminds Stockholders of the Class Action Lawsuit Against 3D Systems Corporation' to 'Alphabet Inc. (Class A)' with score 86
2025-06-17 14:18:31,394 - INFO - Matched 'AI Chip Stocks' to 'CSX Corporation' with score 60
2025-06-17 14:18:31,396 - INFO - Matched 'NYC School Construction Authority Renews' to 'CoStar Group' with score 75
2025-06-17 14:18:31,397 - INFO - Matched 'Dungeon Rampage on Steam' to 'Seagen' with score 60
2025-06-17 14:18:31,398 - INFO - Matched 'nan' to 'Analog Devices' with score 72
2025-06-17 14:18:31,398 - INFO - Matched 'nan' to 'Analog Devices' with score 72
2025-06-17 14:18:31,399 - INFO - Matched 'nan' to 'Analog Devices' with score 72
2025-06-17 14:18:31,400 - INFO - Matched 'nan' to 'Analog Devices' with score 72
2025-06-17 14:18:31,400 - INFO - Matched 'nan' to 'Analog Devices' with score 72
2025-06-17 14:18:31,402 - INFO - Matched 'nan' to 'Analog Devices' with score 72
2025-06-17 14:18:31,403 - INFO - Matched 'Legendary Dungeons' to 'Seagen' with score 65
2025-06-17 14:18:31,403 - INFO - Matched 'nan' to 'Analog Devices' with score 72
2025-06-17 14:18:31,404 - INFO - Matched 'nan' to 'Analog Devices' with score 72
2025-06-17 14:18:31,405 - INFO - Matched 'nan' to 'Analog Devices' with score 72
2025-06-17 14:18:31,406 - INFO - Matched 'nan' to 'Analog Devices' with score 72
2025-06-17 14:18:31,407 - INFO - Matched 'nan' to 'Analog Devices' with score 72
2025-06-17 14:18:31,408 - INFO - Matched 'nan' to 'Analog Devices' with score 72
2025-06-17 14:18:31,409 - INFO - Matched 'Trump Media Cleared for Potential' to 'Fastenal' with score 60
2025-06-17 14:18:31,410 - INFO - Matched 'nan' to 'Analog Devices' with score 72
2025-06-17 14:18:31,411 - INFO - Matched 'Old Inland Steel Company' to 'Old Dominion Freight Line' with score 86
2025-06-17 14:18:31,412 - INFO - Matched 'Vanguard Mutual Fund/Money Market Fund Help' to 'Rivian' with score 60
2025-06-17 14:18:31,413 - INFO - Matched 'nan' to 'Analog Devices' with score 72
2025-06-17 14:18:31,413 - INFO - Matched 'nan' to 'Analog Devices' with score 72
2025-06-17 14:18:31,414 - INFO - Matched 'nan' to 'Analog Devices' with score 72
2025-06-17 14:18:31,416 - INFO - Matched 'nan' to 'Analog Devices' with score 72
2025-06-17 14:18:31,416 - INFO - Matched 'PLTR' to 'Meta Platforms' with score 68
2025-06-17 14:18:31,417 - INFO - Matched 'SPY' to 'Synopsys' with score 72
2025-06-17 14:18:31,418 - INFO - Matched 'nan' to 'Analog Devices' with score 72
2025-06-17 14:18:31,420 - INFO - Matched 'nan' to 'Analog Devices' with score 72
2025-06-17 14:18:31,421 - INFO - Matched 'Trump' to 'Texas Instruments' with score 72
2025-06-17 14:18:31,421 - INFO - Matched 'nan' to 'Analog Devices' with score 72
2025-06-17 14:18:31,422 - INFO - Matched 'SMA' to 'Marriott International' with score 72
2025-06-17 14:18:31,422 - INFO - Matched 'nan' to 'Analog Devices' with score 72
2025-06-17 14:18:31,423 - INFO - Matched 'AMD' to 'Adobe Inc.' with score 72
2025-06-17 14:18:31,424 - INFO - Matched 'VOO' to 'Align Technology' with score 60
2025-06-17 14:18:31,425 - INFO - Matched 'nan' to 'Analog Devices' with score 72
2025-06-17 14:18:31,425 - INFO - Matched 'nan' to 'Analog Devices' with score 72
2025-06-17 14:18:31,426 - INFO - Matched 'nan' to 'Analog Devices' with score 72
2025-06-17 14:18:31,427 - INFO - Matched 'nan' to 'Analog Devices' with score 72
2025-06-17 14:18:31,428 - INFO - Matched 'PLTR' to 'Meta Platforms' with score 68
2025-06-17 14:18:31,429 - INFO - Matched 'Archer Aviation' to 'Biogen' with score 60
2025-06-17 14:18:31,430 - INFO - Matched 'nan' to 'Analog Devices' with score 72
2025-06-17 14:18:31,430 - INFO - Matched 'nan' to 'Analog Devices' with score 72
2025-06-17 14:18:31,431 - INFO - Matched 'WhatsApp' to 'Apple Inc.' with score 68
2025-06-17 14:18:31,432 - INFO - Matched 'nan' to 'Analog Devices' with score 72
2025-06-17 14:18:31,433 - INFO - Matched 'nan' to 'Analog Devices' with score 72
2025-06-17 14:18:31,433 - INFO - Matched 'nan' to 'Analog Devices' with score 72
2025-06-17 14:18:31,434 - INFO - Matched 'Goldman Sachs' to 'CSX Corporation' with score 60
2025-06-17 14:18:31,436 - INFO - Matched 'EU' to 'Adobe Inc.' with score 60
2025-06-17 14:18:31,437 - INFO - Matched 'Twice' to 'Advanced Micro Devices Inc.' with score 60
2025-06-17 14:18:31,437 - INFO - Matched 'nan' to 'Analog Devices' with score 72
2025-06-17 14:18:31,438 - INFO - Matched 'r/Stocks Daily Discussion' to 'Biogen' with score 60
2025-06-17 14:18:31,439 - INFO - Matched 'nan' to 'Analog Devices' with score 72
2025-06-17 14:18:31,440 - INFO - Matched 'Trump' to 'Texas Instruments' with score 72
2025-06-17 14:18:31,441 - INFO - Matched 'Archer Announces' to 'CSX Corporation' with score 60
2025-06-17 14:18:31,442 - INFO - Matched 'nan' to 'Analog Devices' with score 72
2025-06-17 14:18:31,443 - INFO - Matched 'nan' to 'Analog Devices' with score 72
2025-06-17 14:18:31,443 - INFO - Matched 'nan' to 'Analog Devices' with score 72
2025-06-17 14:18:31,444 - INFO - Matched 'AI' to 'Airbnb' with score 90
2025-06-17 14:18:31,445 - INFO - Matched 'ROTH' to 'Marriott International' with score 68
2025-06-17 14:18:31,445 - INFO - Matched 'nan' to 'Analog Devices' with score 72
2025-06-17 14:18:31,446 - INFO - Matched 'nan' to 'Analog Devices' with score 72
2025-06-17 14:18:31,446 - INFO - Matched 'nan' to 'Analog Devices' with score 72
2025-06-17 14:18:31,448 - INFO - Matched 'nan' to 'Analog Devices' with score 72
2025-06-17 14:18:31,448 - INFO - Matched 'nan' to 'Analog Devices' with score 72
2025-06-17 14:18:31,449 - INFO - Matched 'CHYM' to 'Charter Communications' with score 60
2025-06-17 14:18:31,449 - INFO - Matched 'nan' to 'Analog Devices' with score 72
2025-06-17 14:18:31,450 - INFO - Matched 'Brokerage' to 'Amgen' with score 68
2025-06-17 14:18:31,451 - INFO - Matched 'IonQ' to 'Activision Blizzard' with score 68
2025-06-17 14:18:31,452 - INFO - Matched 'nan' to 'Analog Devices' with score 72
2025-06-17 14:18:31,453 - INFO - Matched 'F' to 'Fiserv' with score 90
2025-06-17 14:18:31,453 - INFO - Matched 'nan' to 'Analog Devices' with score 72
2025-06-17 14:18:31,454 - INFO - Matched 'nan' to 'Analog Devices' with score 72
2025-06-17 14:18:31,455 - INFO - Matched 'nan' to 'Analog Devices' with score 72
2025-06-17 14:18:31,455 - INFO - Matched 'nan' to 'Analog Devices' with score 72
2025-06-17 14:18:31,456 - INFO - Matched 'nan' to 'Analog Devices' with score 72
2025-06-17 14:18:31,457 - INFO - Matched 'nan' to 'Analog Devices' with score 72
2025-06-17 14:18:31,467 - INFO - Saved name mapping to data/company_name_mapping.csv
2025-06-17 14:18:31,470 - INFO - Filtered out 24 records without valid company matches
2025-06-17 14:29:54,700 - INFO - Loaded input files. Found 231 records and 101 NASDAQ companies.
2025-06-17 14:29:54,704 - INFO - Starting company name normalization...
2025-06-17 14:29:54,708 - INFO - Matched 'Boeing' to 'Booking Holdings' with score 77
2025-06-17 14:29:54,709 - INFO - Matched 'nan' to 'Analog Devices' with score 72
2025-06-17 14:29:54,710 - INFO - Matched 'nan' to 'Analog Devices' with score 72
2025-06-17 14:29:54,711 - INFO - Matched 'nan' to 'Analog Devices' with score 72
2025-06-17 14:29:54,711 - INFO - Matched 'Cactus Inc' to 'Activision Blizzard' with score 60
2025-06-17 14:29:54,711 - INFO - Matched 'BNTX' to 'Cognizant' with score 60
2025-06-17 14:29:54,711 - INFO - Matched 'nan' to 'Analog Devices' with score 72
2025-06-17 14:29:54,712 - INFO - Matched 'SGOV' to 'Warner Bros. Discovery' with score 68
2025-06-17 14:29:54,712 - INFO - Matched 'nan' to 'Analog Devices' with score 72
2025-06-17 14:29:54,713 - INFO - Matched 'SPY Credit Spreads' to 'ADP' with score 60
2025-06-17 14:29:54,714 - INFO - Matched 'Oakley' to 'eBay' with score 60
2025-06-17 14:29:54,714 - INFO - Matched 'nan' to 'Analog Devices' with score 72
2025-06-17 14:29:54,715 - INFO - Matched 'nan' to 'Analog Devices' with score 72
2025-06-17 14:29:54,715 - INFO - Matched 'nan' to 'Analog Devices' with score 72
2025-06-17 14:29:54,717 - INFO - Matched 'Trump' to 'Texas Instruments' with score 72
2025-06-17 14:29:54,718 - INFO - Matched 'nan' to 'Analog Devices' with score 72
2025-06-17 14:29:54,718 - INFO - Matched 'nan' to 'Analog Devices' with score 72
2025-06-17 14:29:54,719 - INFO - Matched 'nan' to 'Analog Devices' with score 72
2025-06-17 14:29:54,719 - INFO - Matched 'Duolingo’s 20B+ Valuation' to 'Biogen' with score 60
2025-06-17 14:29:54,720 - INFO - Matched 'LMT' to 'Applied Materials' with score 60
2025-06-17 14:29:54,720 - INFO - Matched 'nan' to 'Analog Devices' with score 72
2025-06-17 14:29:54,720 - INFO - Matched 'Biotech' to 'Microchip Technology' with score 64
2025-06-17 14:29:54,721 - INFO - Matched 'nan' to 'Analog Devices' with score 72
2025-06-17 14:29:54,721 - INFO - Matched 'nan' to 'Analog Devices' with score 72
2025-06-17 14:29:54,721 - INFO - Matched 'nan' to 'Analog Devices' with score 72
2025-06-17 14:29:54,724 - INFO - Matched 'SPY' to 'Synopsys' with score 72
2025-06-17 14:29:54,724 - INFO - Matched 'nan' to 'Analog Devices' with score 72
2025-06-17 14:29:54,726 - INFO - Matched 'nan' to 'Analog Devices' with score 72
2025-06-17 14:29:54,727 - INFO - Matched 'nan' to 'Analog Devices' with score 72
2025-06-17 14:29:54,728 - INFO - Matched 'nan' to 'Analog Devices' with score 72
2025-06-17 14:29:54,728 - INFO - Matched 'Oracle' to 'Vertex Pharmaceuticals' with score 60
2025-06-17 14:29:54,729 - INFO - Matched 'nan' to 'Analog Devices' with score 72
2025-06-17 14:29:54,729 - INFO - Matched 'TSMC' to 'Electronic Arts' with score 60
2025-06-17 14:29:54,730 - INFO - Matched 'nan' to 'Analog Devices' with score 72
2025-06-17 14:29:54,731 - INFO - Matched 'nan' to 'Analog Devices' with score 72
2025-06-17 14:29:54,731 - INFO - Matched 'IPO' to 'Activision Blizzard' with score 60
2025-06-17 14:29:54,732 - INFO - Matched 'nan' to 'Analog Devices' with score 72
2025-06-17 14:29:54,732 - INFO - Matched 'nan' to 'Analog Devices' with score 72
2025-06-17 14:29:54,733 - INFO - Matched 'nan' to 'Analog Devices' with score 72
2025-06-17 14:29:54,733 - INFO - Matched 'Eutelsat' to 'Tesla, Inc.' with score 72
2025-06-17 14:29:54,733 - INFO - Matched 'BYDDY / BY6 - $' to 'eBay' with score 60
2025-06-17 14:29:54,734 - INFO - Matched 'nan' to 'Analog Devices' with score 72
2025-06-17 14:29:54,734 - INFO - Matched 'nan' to 'Analog Devices' with score 72
2025-06-17 14:29:54,734 - INFO - Matched 'nan' to 'Analog Devices' with score 72
2025-06-17 14:29:54,735 - INFO - Matched 'nan' to 'Analog Devices' with score 72
2025-06-17 14:29:54,735 - INFO - Matched 'nan' to 'Analog Devices' with score 72
2025-06-17 14:29:54,736 - INFO - Matched 'TMC' to 'Align Technology' with score 60
2025-06-17 14:29:54,736 - INFO - Matched 'YOLO' to 'Align Technology' with score 68
2025-06-17 14:29:54,736 - INFO - Matched 'nan' to 'Analog Devices' with score 72
2025-06-17 14:29:54,737 - INFO - Matched 'nan' to 'Analog Devices' with score 72
2025-06-17 14:29:54,738 - INFO - Matched 'nan' to 'Analog Devices' with score 72
2025-06-17 14:29:54,738 - INFO - Matched 'Canadian Raw Building Materials' to 'Applied Materials' with score 86
2025-06-17 14:29:54,738 - INFO - Matched 'Senate' to 'Seagen' with score 67
2025-06-17 14:29:54,739 - INFO - Matched 'nan' to 'Analog Devices' with score 72
2025-06-17 14:29:54,740 - INFO - Matched 'UNH' to 'Baker Hughes' with score 60
2025-06-17 14:29:54,740 - INFO - Matched 'nan' to 'Analog Devices' with score 72
2025-06-17 14:29:54,740 - INFO - Matched 'nan' to 'Analog Devices' with score 72
2025-06-17 14:29:54,741 - INFO - Matched 'nan' to 'Analog Devices' with score 72
2025-06-17 14:29:54,741 - INFO - Matched 'nan' to 'Analog Devices' with score 72
2025-06-17 14:29:54,741 - INFO - Matched 'PLTR' to 'Meta Platforms' with score 68
2025-06-17 14:29:54,742 - INFO - Matched 'Trump' to 'Texas Instruments' with score 72
2025-06-17 14:29:54,742 - INFO - Matched 'nan' to 'Analog Devices' with score 72
2025-06-17 14:29:54,742 - INFO - Matched 'AMD Soars' to 'ADP' with score 60
2025-06-17 14:29:54,743 - INFO - Matched 'nan' to 'Analog Devices' with score 72
2025-06-17 14:29:54,743 - INFO - Matched 'nan' to 'Analog Devices' with score 72
2025-06-17 14:29:54,744 - INFO - Matched 'nan' to 'Analog Devices' with score 72
2025-06-17 14:29:54,744 - INFO - Matched 'nan' to 'Analog Devices' with score 72
2025-06-17 14:29:54,745 - INFO - Matched 'nan' to 'Analog Devices' with score 72
2025-06-17 14:29:54,745 - INFO - Matched 'Release Date & More' to 'KLA Corporation' with score 60
2025-06-17 14:29:54,745 - INFO - Matched 'nan' to 'Analog Devices' with score 72
2025-06-17 14:29:54,745 - INFO - Matched 'nan' to 'Analog Devices' with score 72
2025-06-17 14:29:54,747 - INFO - Matched 'Vine Financial Secures Seed Funding for AI-Powered Commercial Lending Platform' to 'Meta Platforms' with score 70
2025-06-17 14:29:54,747 - INFO - Matched 'nan' to 'Analog Devices' with score 72
2025-06-17 14:29:54,747 - INFO - Matched 'Nintendo Switch 2 Welcome' to 'Intel' with score 72
2025-06-17 14:29:54,748 - INFO - Matched 'NBA Finals' to 'Cintas' with score 65
2025-06-17 14:29:54,748 - INFO - Matched 'nan' to 'Analog Devices' with score 72
2025-06-17 14:29:54,748 - INFO - Matched 'nan' to 'Analog Devices' with score 72
2025-06-17 14:29:54,749 - INFO - Matched 'nan' to 'Analog Devices' with score 72
2025-06-17 14:29:54,749 - INFO - Matched 'SaskTel' to 'Fastenal' with score 67
2025-06-17 14:29:54,749 - INFO - Matched 'US Steel Stock Rallies' to 'T-Mobile US' with score 86
2025-06-17 14:29:54,750 - INFO - Matched 'nan' to 'Analog Devices' with score 72
2025-06-17 14:29:54,750 - INFO - Matched 'nan' to 'Analog Devices' with score 72
2025-06-17 14:29:54,751 - INFO - Matched 'nan' to 'Analog Devices' with score 72
2025-06-17 14:29:54,751 - INFO - Matched 'nan' to 'Analog Devices' with score 72
2025-06-17 14:29:54,752 - INFO - Matched 'nan' to 'Analog Devices' with score 72
2025-06-17 14:29:54,752 - INFO - Matched 'nan' to 'Analog Devices' with score 72
2025-06-17 14:29:54,753 - INFO - Matched 'Citigroup' to 'Cintas' with score 60
2025-06-17 14:29:54,753 - INFO - Matched 'nan' to 'Analog Devices' with score 72
2025-06-17 14:29:54,753 - INFO - Matched 'Fleet Air Defense Role' to 'Regeneron' with score 60
2025-06-17 14:29:54,754 - INFO - Matched 'nan' to 'Analog Devices' with score 72
2025-06-17 14:29:54,754 - INFO - Matched 'nan' to 'Analog Devices' with score 72
2025-06-17 14:29:54,756 - INFO - Matched 'General Atomics' to 'CSX Corporation' with score 72
2025-06-17 14:29:54,757 - INFO - Matched 'nan' to 'Analog Devices' with score 72
2025-06-17 14:29:54,758 - INFO - Matched 'the Reuters Institute Digital News Report' to 'Intuit' with score 75
2025-06-17 14:29:54,758 - INFO - Matched 'nan' to 'Analog Devices' with score 72
2025-06-17 14:29:54,758 - INFO - Matched 'nan' to 'Analog Devices' with score 72
2025-06-17 14:29:54,759 - INFO - Matched 'nan' to 'Analog Devices' with score 72
2025-06-17 14:29:54,760 - INFO - Matched 'nan' to 'Analog Devices' with score 72
2025-06-17 14:29:54,760 - INFO - Matched 'nan' to 'Analog Devices' with score 72
2025-06-17 14:29:54,760 - INFO - Matched 'nan' to 'Analog Devices' with score 72
2025-06-17 14:29:54,761 - INFO - Matched 'ROSEN' to 'Regeneron' with score 68
2025-06-17 14:29:54,762 - INFO - Matched 'WhatsApp' to 'Apple Inc.' with score 68
2025-06-17 14:29:54,762 - INFO - Matched 'Bazan' to 'Cognizant' with score 60
2025-06-17 14:29:54,762 - INFO - Matched 'Release Times Revealed' to 'Apple Inc.' with score 60
2025-06-17 14:29:54,763 - INFO - Matched 'nan' to 'Analog Devices' with score 72
2025-06-17 14:29:54,763 - INFO - Matched 'nan' to 'Analog Devices' with score 72
2025-06-17 14:29:54,763 - INFO - Matched 'The First Copy of Richie Mensah’s Book' to 'Booking Holdings' with score 65
2025-06-17 14:29:54,764 - INFO - Matched 'nan' to 'Analog Devices' with score 72
2025-06-17 14:29:54,764 - INFO - Matched 'nan' to 'Analog Devices' with score 72
2025-06-17 14:29:54,764 - INFO - Matched 'nan' to 'Analog Devices' with score 72
2025-06-17 14:29:54,765 - INFO - Matched 'nan' to 'Analog Devices' with score 72
2025-06-17 14:29:54,765 - INFO - Matched 'WhatsApp' to 'Apple Inc.' with score 68
2025-06-17 14:29:54,765 - INFO - Matched 'nan' to 'Analog Devices' with score 72
2025-06-17 14:29:54,765 - INFO - Matched 'nan' to 'Analog Devices' with score 72
2025-06-17 14:29:54,767 - INFO - Matched 'Industrial Trust' to 'Intuit' with score 60
2025-06-17 14:29:54,767 - INFO - Matched 'nan' to 'Analog Devices' with score 72
2025-06-17 14:29:54,768 - INFO - Matched 'Chess' to 'Advanced Micro Devices Inc.' with score 68
2025-06-17 14:29:54,769 - INFO - Matched 'nan' to 'Analog Devices' with score 72
2025-06-17 14:29:54,769 - INFO - Matched 'nan' to 'Analog Devices' with score 72
2025-06-17 14:29:54,769 - INFO - Matched 'nan' to 'Analog Devices' with score 72
2025-06-17 14:29:54,770 - INFO - Matched 'nan' to 'Analog Devices' with score 72
2025-06-17 14:29:54,772 - INFO - Matched 'Yale' to 'PayPal' with score 68
2025-06-17 14:29:54,772 - INFO - Matched 'nan' to 'Analog Devices' with score 72
2025-06-17 14:29:54,773 - INFO - Matched 'Latest Google Home' to 'KLA Corporation' with score 72
2025-06-17 14:29:54,773 - INFO - Matched 'nan' to 'Analog Devices' with score 72
2025-06-17 14:29:54,774 - INFO - Matched 'Visa Scandal Chaos' to 'ADP' with score 60
2025-06-17 14:29:54,774 - INFO - Matched 'nan' to 'Analog Devices' with score 72
2025-06-17 14:29:54,775 - INFO - Matched 'nan' to 'Analog Devices' with score 72
2025-06-17 14:29:54,775 - INFO - Matched 'nan' to 'Analog Devices' with score 72
2025-06-17 14:29:54,777 - INFO - Matched 'Trump Organization' to 'Cognizant' with score 70
2025-06-17 14:29:54,777 - INFO - Matched 'TMC' to 'Align Technology' with score 60
2025-06-17 14:29:54,778 - INFO - Matched 'nan' to 'Analog Devices' with score 72
2025-06-17 14:29:54,778 - INFO - Matched 'nan' to 'Analog Devices' with score 72
2025-06-17 14:29:54,779 - INFO - Matched 'nan' to 'Analog Devices' with score 72
2025-06-17 14:29:54,779 - INFO - Matched 'AMD' to 'Adobe Inc.' with score 72
2025-06-17 14:29:54,779 - INFO - Matched 'nan' to 'Analog Devices' with score 72
2025-06-17 14:29:54,780 - INFO - Matched 'Borderlands 4 Collector’s Edition' to 'Moderna' with score 64
2025-06-17 14:29:54,780 - INFO - Matched 'nan' to 'Analog Devices' with score 72
2025-06-17 14:29:54,780 - INFO - Matched 'nan' to 'Analog Devices' with score 72
2025-06-17 14:29:54,781 - INFO - Matched 'nan' to 'Analog Devices' with score 72
2025-06-17 14:29:54,782 - INFO - Matched 'Kimco Realty® Announces' to 'CSX Corporation' with score 60
2025-06-17 14:29:54,782 - INFO - Matched 'nan' to 'Analog Devices' with score 72
2025-06-17 14:29:54,782 - INFO - Matched 'nan' to 'Analog Devices' with score 72
2025-06-17 14:29:54,783 - INFO - Matched 'nan' to 'Analog Devices' with score 72
2025-06-17 14:29:54,783 - INFO - Matched 'Old Inland Steel Company' to 'Old Dominion Freight Line' with score 86
2025-06-17 14:29:54,784 - INFO - Matched 'Vanguard Mutual Fund/Money Market Fund Help' to 'Rivian' with score 60
2025-06-17 14:29:54,785 - INFO - Matched 'nan' to 'Analog Devices' with score 72
2025-06-17 14:29:54,785 - INFO - Matched 'nan' to 'Analog Devices' with score 72
2025-06-17 14:29:54,786 - INFO - Matched 'nan' to 'Analog Devices' with score 72
2025-06-17 14:29:54,786 - INFO - Matched 'nan' to 'Analog Devices' with score 72
2025-06-17 14:29:54,787 - INFO - Matched 'PLTR' to 'Meta Platforms' with score 68
2025-06-17 14:29:54,787 - INFO - Matched 'SPY' to 'Synopsys' with score 72
2025-06-17 14:29:54,787 - INFO - Matched 'nan' to 'Analog Devices' with score 72
2025-06-17 14:29:54,787 - INFO - Matched 'Trump' to 'Texas Instruments' with score 72
2025-06-17 14:29:54,789 - INFO - Matched 'nan' to 'Analog Devices' with score 72
2025-06-17 14:29:54,789 - INFO - Matched 'SMA' to 'Marriott International' with score 72
2025-06-17 14:29:54,790 - INFO - Matched 'nan' to 'Analog Devices' with score 72
2025-06-17 14:29:54,790 - INFO - Matched 'AMD' to 'Adobe Inc.' with score 72
2025-06-17 14:29:54,791 - INFO - Matched 'VOO' to 'Align Technology' with score 60
2025-06-17 14:29:54,791 - INFO - Matched 'nan' to 'Analog Devices' with score 72
2025-06-17 14:29:54,791 - INFO - Matched 'nan' to 'Analog Devices' with score 72
2025-06-17 14:29:54,792 - INFO - Matched 'nan' to 'Analog Devices' with score 72
2025-06-17 14:29:54,792 - INFO - Matched 'nan' to 'Analog Devices' with score 72
2025-06-17 14:29:54,792 - INFO - Matched 'PLTR' to 'Meta Platforms' with score 68
2025-06-17 14:29:54,793 - INFO - Matched 'Archer Aviation' to 'Biogen' with score 60
2025-06-17 14:29:54,793 - INFO - Matched 'nan' to 'Analog Devices' with score 72
2025-06-17 14:29:54,793 - INFO - Matched 'nan' to 'Analog Devices' with score 72
2025-06-17 14:29:54,794 - INFO - Matched 'WhatsApp' to 'Apple Inc.' with score 68
2025-06-17 14:29:54,794 - INFO - Matched 'nan' to 'Analog Devices' with score 72
2025-06-17 14:29:54,794 - INFO - Matched 'nan' to 'Analog Devices' with score 72
2025-06-17 14:29:54,794 - INFO - Matched 'nan' to 'Analog Devices' with score 72
2025-06-17 14:29:54,795 - INFO - Matched 'Goldman Sachs' to 'CSX Corporation' with score 60
2025-06-17 14:29:54,795 - INFO - Matched 'EU' to 'Adobe Inc.' with score 60
2025-06-17 14:29:54,795 - INFO - Matched 'Twice' to 'Advanced Micro Devices Inc.' with score 60
2025-06-17 14:29:54,795 - INFO - Matched 'nan' to 'Analog Devices' with score 72
2025-06-17 14:29:54,797 - INFO - Matched 'r/Stocks Daily Discussion' to 'Biogen' with score 60
2025-06-17 14:29:54,797 - INFO - Matched 'nan' to 'Analog Devices' with score 72
2025-06-17 14:29:54,798 - INFO - Matched 'Trump' to 'Texas Instruments' with score 72
2025-06-17 14:29:54,798 - INFO - Matched 'Archer Announces' to 'CSX Corporation' with score 60
2025-06-17 14:29:54,799 - INFO - Matched 'nan' to 'Analog Devices' with score 72
2025-06-17 14:29:54,799 - INFO - Matched 'nan' to 'Analog Devices' with score 72
2025-06-17 14:29:54,799 - INFO - Matched 'nan' to 'Analog Devices' with score 72
2025-06-17 14:29:54,800 - INFO - Matched 'AI' to 'Airbnb' with score 90
2025-06-17 14:29:54,801 - INFO - Matched 'ROTH' to 'Marriott International' with score 68
2025-06-17 14:29:54,802 - INFO - Matched 'nan' to 'Analog Devices' with score 72
2025-06-17 14:29:54,802 - INFO - Matched 'nan' to 'Analog Devices' with score 72
2025-06-17 14:29:54,802 - INFO - Matched 'nan' to 'Analog Devices' with score 72
2025-06-17 14:29:54,803 - INFO - Matched 'nan' to 'Analog Devices' with score 72
2025-06-17 14:29:54,803 - INFO - Matched 'nan' to 'Analog Devices' with score 72
2025-06-17 14:29:54,803 - INFO - Matched 'CHYM' to 'Charter Communications' with score 60
2025-06-17 14:29:54,804 - INFO - Matched 'nan' to 'Analog Devices' with score 72
2025-06-17 14:29:54,804 - INFO - Matched 'Brokerage' to 'Amgen' with score 68
2025-06-17 14:29:54,804 - INFO - Matched 'IonQ' to 'Activision Blizzard' with score 68
2025-06-17 14:29:54,805 - INFO - Matched 'nan' to 'Analog Devices' with score 72
2025-06-17 14:29:54,806 - INFO - Matched 'F' to 'Fiserv' with score 90
2025-06-17 14:29:54,807 - INFO - Matched 'nan' to 'Analog Devices' with score 72
2025-06-17 14:29:54,807 - INFO - Matched 'nan' to 'Analog Devices' with score 72
2025-06-17 14:29:54,808 - INFO - Matched 'nan' to 'Analog Devices' with score 72
2025-06-17 14:29:54,808 - INFO - Matched 'nan' to 'Analog Devices' with score 72
2025-06-17 14:29:54,808 - INFO - Matched 'nan' to 'Analog Devices' with score 72
2025-06-17 14:29:54,809 - INFO - Matched 'nan' to 'Analog Devices' with score 72
2025-06-17 14:29:54,814 - INFO - Saved name mapping to data/company_name_mapping.csv
2025-06-17 14:29:54,816 - INFO - Filtered out 23 records without valid company matches
